2024-11-15T19:50:28.918+03:00  INFO 5592 --- [main] b.i.j.i.service.UserServiceTest          : Starting UserServiceTest using Java 21.0.4 with PID 5592 (started by user in C:\Users\user\IdeaProjects\finance\user-service)
2024-11-15T19:50:28.918+03:00  INFO 5592 --- [main] b.i.j.i.service.UserServiceTest          : The following 1 profile is active: "test"
2024-11-15T19:50:31.721+03:00  INFO 5592 --- [main] .s.d.r.c.RepositoryConfigurationDelegate : Bootstrapping Spring Data JPA repositories in DEFAULT mode.
2024-11-15T19:50:31.869+03:00  INFO 5592 --- [main] .s.d.r.c.RepositoryConfigurationDelegate : Finished Spring Data repository scanning in 140 ms. Found 2 JPA repository interfaces.
2024-11-15T19:50:33.473+03:00  INFO 5592 --- [main] com.zaxxer.hikari.HikariDataSource       : HikariPool-1 - Starting...
2024-11-15T19:50:33.806+03:00  INFO 5592 --- [main] com.zaxxer.hikari.pool.HikariPool        : HikariPool-1 - Added connection org.postgresql.jdbc.PgConnection@6ec98ccc
2024-11-15T19:50:33.806+03:00  INFO 5592 --- [main] com.zaxxer.hikari.HikariDataSource       : HikariPool-1 - Start completed.
2024-11-15T19:50:34.231+03:00  INFO 5592 --- [main] liquibase.database                       : Set default schema name to public
2024-11-15T19:50:34.737+03:00  INFO 5592 --- [main] liquibase.changelog                      : Creating database history table with name: public.databasechangelog
2024-11-15T19:50:34.794+03:00  INFO 5592 --- [main] liquibase.changelog                      : Reading from public.databasechangelog
2024-11-15T19:50:34.909+03:00  INFO 5592 --- [main] liquibase.lockservice                    : Successfully acquired change log lock
2024-11-15T19:50:34.911+03:00  INFO 5592 --- [main] liquibase.command                        : Using deploymentId: 1689434911
2024-11-15T19:50:34.915+03:00  INFO 5592 --- [main] liquibase.changelog                      : Reading from public.databasechangelog
2024-11-15T19:50:34.922+03:00  INFO 5592 --- [main] liquibase.ui                             : Running Changeset: db/changelog/db.changelog-1.0.sql::1::Evgenii
2024-11-15T19:50:34.979+03:00  INFO 5592 --- [main] liquibase.changelog                      : Custom SQL executed
2024-11-15T19:50:34.988+03:00  INFO 5592 --- [main] liquibase.changelog                      : ChangeSet db/changelog/db.changelog-1.0.sql::1::Evgenii ran successfully in 66ms
2024-11-15T19:50:35.001+03:00  INFO 5592 --- [main] liquibase.ui                             : Running Changeset: db/changelog/db.changelog-1.0.sql::2::Evgenii
2024-11-15T19:50:35.014+03:00  INFO 5592 --- [main] liquibase.changelog                      : Custom SQL executed
2024-11-15T19:50:35.018+03:00  INFO 5592 --- [main] liquibase.changelog                      : ChangeSet db/changelog/db.changelog-1.0.sql::2::Evgenii ran successfully in 16ms
2024-11-15T19:50:35.026+03:00  INFO 5592 --- [main] liquibase.ui                             : Running Changeset: db/changelog/db.changelog-2.0.sql::1::Evgenii
2024-11-15T19:50:35.034+03:00  INFO 5592 --- [main] liquibase.changelog                      : Custom SQL executed
2024-11-15T19:50:35.036+03:00  INFO 5592 --- [main] liquibase.changelog                      : ChangeSet db/changelog/db.changelog-2.0.sql::1::Evgenii ran successfully in 10ms
2024-11-15T19:50:35.050+03:00  INFO 5592 --- [main] liquibase.util                           : UPDATE SUMMARY
2024-11-15T19:50:35.051+03:00  INFO 5592 --- [main] liquibase.util                           : Run:                          3
2024-11-15T19:50:35.051+03:00  INFO 5592 --- [main] liquibase.util                           : Previously run:               0
2024-11-15T19:50:35.051+03:00  INFO 5592 --- [main] liquibase.util                           : Filtered out:                 0
2024-11-15T19:50:35.051+03:00  INFO 5592 --- [main] liquibase.util                           : -------------------------------
2024-11-15T19:50:35.052+03:00  INFO 5592 --- [main] liquibase.util                           : Total change sets:            3
2024-11-15T19:50:35.053+03:00  INFO 5592 --- [main] liquibase.util                           : Update summary generated
2024-11-15T19:50:35.053+03:00  INFO 5592 --- [main] liquibase.command                        : Update command completed successfully.
2024-11-15T19:50:35.053+03:00  INFO 5592 --- [main] liquibase.ui                             : Liquibase: Update has been successful. Rows affected: 3
2024-11-15T19:50:35.066+03:00  INFO 5592 --- [main] liquibase.lockservice                    : Successfully released change log lock
2024-11-15T19:50:35.070+03:00  INFO 5592 --- [main] liquibase.command                        : Command execution complete
2024-11-15T19:50:35.428+03:00  INFO 5592 --- [main] o.hibernate.jpa.internal.util.LogHelper  : HHH000204: Processing PersistenceUnitInfo [name: default]
2024-11-15T19:50:35.568+03:00  INFO 5592 --- [main] org.hibernate.Version                    : HHH000412: Hibernate ORM core version 6.5.3.Final
2024-11-15T19:50:35.649+03:00  INFO 5592 --- [main] o.h.c.internal.RegionFactoryInitiator    : HHH000026: Second-level cache disabled
2024-11-15T19:50:36.154+03:00  INFO 5592 --- [main] o.s.o.j.p.SpringPersistenceUnitInfo      : No LoadTimeWeaver setup: ignoring JPA class transformer
2024-11-15T19:50:37.933+03:00  INFO 5592 --- [main] o.h.e.t.j.p.i.JtaPlatformInitiator       : HHH000489: No JTA platform available (set 'hibernate.transaction.jta.platform' to enable JTA platform integration)
2024-11-15T19:50:37.998+03:00  INFO 5592 --- [main] j.LocalContainerEntityManagerFactoryBean : Initialized JPA EntityManagerFactory for persistence unit 'default'
2024-11-15T19:50:38.746+03:00  INFO 5592 --- [main] o.s.d.j.r.query.QueryEnhancerFactory     : Hibernate is in classpath; If applicable, HQL parser will be used.
2024-11-15T19:50:40.606+03:00  WARN 5592 --- [main] .s.s.UserDetailsServiceAutoConfiguration : 

Using generated security password: 6ebe55f4-181f-4c50-b322-9e05b22b1b0d

This generated password is for development use only. Your security configuration must be updated before running your application in production.

2024-11-15T19:50:40.622+03:00  INFO 5592 --- [main] r$InitializeUserDetailsManagerConfigurer : Global AuthenticationManager configured with UserDetailsService bean with name inMemoryUserDetailsManager
2024-11-15T19:50:44.474+03:00  INFO 5592 --- [main] b.i.j.i.service.UserServiceTest          : Started UserServiceTest in 16.114 seconds (process running for 46.242)
2024-11-15T19:50:44.536+03:00  INFO 5592 --- [scheduling-1] b.i.jd2.aop.LoggingUserServiceAspect     : Before - invoked findByStatusWithoutCode() service method in class by.it_academy.jd2.service.UserService@11734d3d, with status WAITING_ACTIVATION
2024-11-15T19:50:44.755+03:00  INFO 5592 --- [scheduling-1] b.i.jd2.aop.LoggingUserServiceAspect     : AfterReturning - findByStatusWithoutCode() service method in class by.it_academy.jd2.service.UserService@11734d3d,  result []
2024-11-15T19:50:45.502+03:00  INFO 5592 --- [main] b.i.jd2.aop.LoggingUserServiceAspect     : invoked findAll() service method in class by.it_academy.jd2.service.UserService@11734d3d
2024-11-15T19:50:45.592+03:00  INFO 5592 --- [main] b.i.jd2.aop.LoggingUserServiceAspect     : Before - invoked findById() service method in class by.it_academy.jd2.service.UserService@11734d3d, with id 0ecf84a4-7c70-4b36-b3a0-f0280be8ed0c
2024-11-15T19:50:45.607+03:00  INFO 5592 --- [main] b.i.jd2.aop.LoggingUserServiceAspect     : After - invoked findById() service method in class by.it_academy.jd2.service.UserService@11734d3d, result Optional[UserReadDto(uuid=0ecf84a4-7c70-4b36-b3a0-f0280be8ed0c, dtCreate=2024-10-31T07:49:57.065Z, dtUpdate=2024-10-31T07:49:57.065Z, mail=user@example1233334.com, fio=Pert, role=USER, status=WAITING_ACTIVATION)]
2024-11-15T19:50:45.696+03:00  INFO 5592 --- [main] b.i.jd2.aop.LoggingUserServiceAspect     : Before - invoked findById() service method in class by.it_academy.jd2.service.UserService@11734d3d, with id 0ecf84a4-7c70-4b36-b3a0-f0280be8ed0c
2024-11-15T19:50:45.705+03:00  INFO 5592 --- [main] b.i.jd2.aop.LoggingUserServiceAspect     : After - invoked findById() service method in class by.it_academy.jd2.service.UserService@11734d3d, result Optional[UserReadDto(uuid=0ecf84a4-7c70-4b36-b3a0-f0280be8ed0c, dtCreate=2024-10-31T07:49:57.065Z, dtUpdate=2024-10-31T07:49:57.065Z, mail=user@example1233334.com, fio=Pert, role=USER, status=WAITING_ACTIVATION)]
2024-11-15T19:50:45.779+03:00  INFO 5592 --- [SpringApplicationShutdownHook] j.LocalContainerEntityManagerFactoryBean : Closing JPA EntityManagerFactory for persistence unit 'default'
2024-11-15T19:50:45.787+03:00  INFO 5592 --- [SpringApplicationShutdownHook] com.zaxxer.hikari.HikariDataSource       : HikariPool-1 - Shutdown initiated...
2024-11-15T19:50:45.794+03:00  INFO 5592 --- [SpringApplicationShutdownHook] com.zaxxer.hikari.HikariDataSource       : HikariPool-1 - Shutdown completed.
2024-11-15T19:52:16.225+03:00  INFO 1788 --- [main] b.i.j.i.service.UserServiceTest          : Starting UserServiceTest using Java 21.0.4 with PID 1788 (started by user in C:\Users\user\IdeaProjects\finance\user-service)
2024-11-15T19:52:16.228+03:00  INFO 1788 --- [main] b.i.j.i.service.UserServiceTest          : The following 1 profile is active: "test"
2024-11-15T19:52:17.797+03:00  INFO 1788 --- [main] .s.d.r.c.RepositoryConfigurationDelegate : Bootstrapping Spring Data JPA repositories in DEFAULT mode.
2024-11-15T19:52:17.946+03:00  INFO 1788 --- [main] .s.d.r.c.RepositoryConfigurationDelegate : Finished Spring Data repository scanning in 130 ms. Found 2 JPA repository interfaces.
2024-11-15T19:52:20.237+03:00  INFO 1788 --- [main] com.zaxxer.hikari.HikariDataSource       : HikariPool-1 - Starting...
2024-11-15T19:52:20.649+03:00  INFO 1788 --- [main] com.zaxxer.hikari.pool.HikariPool        : HikariPool-1 - Added connection org.postgresql.jdbc.PgConnection@5621a671
2024-11-15T19:52:20.656+03:00  INFO 1788 --- [main] com.zaxxer.hikari.HikariDataSource       : HikariPool-1 - Start completed.
2024-11-15T19:52:21.052+03:00  INFO 1788 --- [main] liquibase.database                       : Set default schema name to public
2024-11-15T19:52:21.631+03:00  INFO 1788 --- [main] liquibase.changelog                      : Creating database history table with name: public.databasechangelog
2024-11-15T19:52:21.695+03:00  INFO 1788 --- [main] liquibase.changelog                      : Reading from public.databasechangelog
2024-11-15T19:52:21.813+03:00  INFO 1788 --- [main] liquibase.lockservice                    : Successfully acquired change log lock
2024-11-15T19:52:21.817+03:00  INFO 1788 --- [main] liquibase.command                        : Using deploymentId: 1689541816
2024-11-15T19:52:21.825+03:00  INFO 1788 --- [main] liquibase.changelog                      : Reading from public.databasechangelog
2024-11-15T19:52:21.840+03:00  INFO 1788 --- [main] liquibase.ui                             : Running Changeset: db/changelog/db.changelog-1.0.sql::1::Evgenii
2024-11-15T19:52:21.882+03:00  INFO 1788 --- [main] liquibase.changelog                      : Custom SQL executed
2024-11-15T19:52:21.890+03:00  INFO 1788 --- [main] liquibase.changelog                      : ChangeSet db/changelog/db.changelog-1.0.sql::1::Evgenii ran successfully in 50ms
2024-11-15T19:52:21.908+03:00  INFO 1788 --- [main] liquibase.ui                             : Running Changeset: db/changelog/db.changelog-1.0.sql::2::Evgenii
2024-11-15T19:52:21.923+03:00  INFO 1788 --- [main] liquibase.changelog                      : Custom SQL executed
2024-11-15T19:52:21.925+03:00  INFO 1788 --- [main] liquibase.changelog                      : ChangeSet db/changelog/db.changelog-1.0.sql::2::Evgenii ran successfully in 17ms
2024-11-15T19:52:21.933+03:00  INFO 1788 --- [main] liquibase.ui                             : Running Changeset: db/changelog/db.changelog-2.0.sql::1::Evgenii
2024-11-15T19:52:21.942+03:00  INFO 1788 --- [main] liquibase.changelog                      : Custom SQL executed
2024-11-15T19:52:21.946+03:00  INFO 1788 --- [main] liquibase.changelog                      : ChangeSet db/changelog/db.changelog-2.0.sql::1::Evgenii ran successfully in 11ms
2024-11-15T19:52:21.961+03:00  INFO 1788 --- [main] liquibase.util                           : UPDATE SUMMARY
2024-11-15T19:52:21.962+03:00  INFO 1788 --- [main] liquibase.util                           : Run:                          3
2024-11-15T19:52:21.962+03:00  INFO 1788 --- [main] liquibase.util                           : Previously run:               0
2024-11-15T19:52:21.962+03:00  INFO 1788 --- [main] liquibase.util                           : Filtered out:                 0
2024-11-15T19:52:21.962+03:00  INFO 1788 --- [main] liquibase.util                           : -------------------------------
2024-11-15T19:52:21.962+03:00  INFO 1788 --- [main] liquibase.util                           : Total change sets:            3
2024-11-15T19:52:21.962+03:00  INFO 1788 --- [main] liquibase.util                           : Update summary generated
2024-11-15T19:52:21.968+03:00  INFO 1788 --- [main] liquibase.command                        : Update command completed successfully.
2024-11-15T19:52:21.968+03:00  INFO 1788 --- [main] liquibase.ui                             : Liquibase: Update has been successful. Rows affected: 3
2024-11-15T19:52:21.978+03:00  INFO 1788 --- [main] liquibase.lockservice                    : Successfully released change log lock
2024-11-15T19:52:21.982+03:00  INFO 1788 --- [main] liquibase.command                        : Command execution complete
2024-11-15T19:52:22.400+03:00  INFO 1788 --- [main] o.hibernate.jpa.internal.util.LogHelper  : HHH000204: Processing PersistenceUnitInfo [name: default]
2024-11-15T19:52:22.533+03:00  INFO 1788 --- [main] org.hibernate.Version                    : HHH000412: Hibernate ORM core version 6.5.3.Final
2024-11-15T19:52:22.645+03:00  INFO 1788 --- [main] o.h.c.internal.RegionFactoryInitiator    : HHH000026: Second-level cache disabled
2024-11-15T19:52:23.367+03:00  INFO 1788 --- [main] o.s.o.j.p.SpringPersistenceUnitInfo      : No LoadTimeWeaver setup: ignoring JPA class transformer
2024-11-15T19:52:25.314+03:00  INFO 1788 --- [main] o.h.e.t.j.p.i.JtaPlatformInitiator       : HHH000489: No JTA platform available (set 'hibernate.transaction.jta.platform' to enable JTA platform integration)
2024-11-15T19:52:25.375+03:00  INFO 1788 --- [main] j.LocalContainerEntityManagerFactoryBean : Initialized JPA EntityManagerFactory for persistence unit 'default'
2024-11-15T19:52:26.458+03:00  INFO 1788 --- [main] o.s.d.j.r.query.QueryEnhancerFactory     : Hibernate is in classpath; If applicable, HQL parser will be used.
2024-11-15T19:52:28.430+03:00  WARN 1788 --- [main] .s.s.UserDetailsServiceAutoConfiguration : 

Using generated security password: ca6f15b4-7357-418a-9a65-ad04f57e2911

This generated password is for development use only. Your security configuration must be updated before running your application in production.

2024-11-15T19:52:28.475+03:00  INFO 1788 --- [main] r$InitializeUserDetailsManagerConfigurer : Global AuthenticationManager configured with UserDetailsService bean with name inMemoryUserDetailsManager
2024-11-15T19:52:32.787+03:00  INFO 1788 --- [main] b.i.j.i.service.UserServiceTest          : Started UserServiceTest in 17.16 seconds (process running for 25.38)
2024-11-15T19:52:32.828+03:00  INFO 1788 --- [scheduling-1] b.i.jd2.aop.LoggingUserServiceAspect     : Before - invoked findByStatusWithoutCode() service method in class by.it_academy.jd2.service.UserService@e937569, with status WAITING_ACTIVATION
2024-11-15T19:52:33.056+03:00  INFO 1788 --- [scheduling-1] b.i.jd2.aop.LoggingUserServiceAspect     : AfterReturning - findByStatusWithoutCode() service method in class by.it_academy.jd2.service.UserService@e937569,  result []
2024-11-15T19:52:33.727+03:00  INFO 1788 --- [main] b.i.jd2.aop.LoggingUserServiceAspect     : Before - invoked findById() service method in class by.it_academy.jd2.service.UserService@e937569, with id 0ecf84a4-7c70-4b36-b3a0-f0280be8ed0c
2024-11-15T19:52:33.776+03:00  INFO 1788 --- [main] b.i.jd2.aop.LoggingUserServiceAspect     : After - invoked findById() service method in class by.it_academy.jd2.service.UserService@e937569, result Optional[UserReadDto(uuid=0ecf84a4-7c70-4b36-b3a0-f0280be8ed0c, dtCreate=2024-10-31T07:49:57.065Z, dtUpdate=2024-10-31T07:49:57.065Z, mail=user@example1233334.com, fio=Pert, role=USER, status=WAITING_ACTIVATION)]
2024-11-15T19:53:47.402+03:00  WARN 1788 --- [HikariPool-1 housekeeper] com.zaxxer.hikari.pool.HikariPool        : HikariPool-1 - Thread starvation or clock leap detected (housekeeper delta=1m26s644ms297µs800ns).
2024-11-15T19:53:47.518+03:00  INFO 1788 --- [SpringApplicationShutdownHook] j.LocalContainerEntityManagerFactoryBean : Closing JPA EntityManagerFactory for persistence unit 'default'
2024-11-15T19:53:47.530+03:00  INFO 1788 --- [SpringApplicationShutdownHook] com.zaxxer.hikari.HikariDataSource       : HikariPool-1 - Shutdown initiated...
2024-11-15T19:53:47.568+03:00  INFO 1788 --- [SpringApplicationShutdownHook] com.zaxxer.hikari.HikariDataSource       : HikariPool-1 - Shutdown completed.
2024-11-15T19:54:29.069+03:00  INFO 2416 --- [main] b.i.j.i.service.UserServiceTest          : Starting UserServiceTest using Java 21.0.4 with PID 2416 (started by user in C:\Users\user\IdeaProjects\finance\user-service)
2024-11-15T19:54:29.072+03:00  INFO 2416 --- [main] b.i.j.i.service.UserServiceTest          : The following 1 profile is active: "test"
2024-11-15T19:54:30.447+03:00  INFO 2416 --- [main] .s.d.r.c.RepositoryConfigurationDelegate : Bootstrapping Spring Data JPA repositories in DEFAULT mode.
2024-11-15T19:54:30.576+03:00  INFO 2416 --- [main] .s.d.r.c.RepositoryConfigurationDelegate : Finished Spring Data repository scanning in 109 ms. Found 2 JPA repository interfaces.
2024-11-15T19:54:31.991+03:00  INFO 2416 --- [main] com.zaxxer.hikari.HikariDataSource       : HikariPool-1 - Starting...
2024-11-15T19:54:32.263+03:00  INFO 2416 --- [main] com.zaxxer.hikari.pool.HikariPool        : HikariPool-1 - Added connection org.postgresql.jdbc.PgConnection@515c732d
2024-11-15T19:54:32.263+03:00  INFO 2416 --- [main] com.zaxxer.hikari.HikariDataSource       : HikariPool-1 - Start completed.
2024-11-15T19:54:32.563+03:00  INFO 2416 --- [main] liquibase.database                       : Set default schema name to public
2024-11-15T19:54:33.016+03:00  INFO 2416 --- [main] liquibase.changelog                      : Creating database history table with name: public.databasechangelog
2024-11-15T19:54:33.071+03:00  INFO 2416 --- [main] liquibase.changelog                      : Reading from public.databasechangelog
2024-11-15T19:54:33.186+03:00  INFO 2416 --- [main] liquibase.lockservice                    : Successfully acquired change log lock
2024-11-15T19:54:33.190+03:00  INFO 2416 --- [main] liquibase.command                        : Using deploymentId: 1689673188
2024-11-15T19:54:33.195+03:00  INFO 2416 --- [main] liquibase.changelog                      : Reading from public.databasechangelog
2024-11-15T19:54:33.212+03:00  INFO 2416 --- [main] liquibase.ui                             : Running Changeset: db/changelog/db.changelog-1.0.sql::1::Evgenii
2024-11-15T19:54:33.253+03:00  INFO 2416 --- [main] liquibase.changelog                      : Custom SQL executed
2024-11-15T19:54:33.261+03:00  INFO 2416 --- [main] liquibase.changelog                      : ChangeSet db/changelog/db.changelog-1.0.sql::1::Evgenii ran successfully in 48ms
2024-11-15T19:54:33.282+03:00  INFO 2416 --- [main] liquibase.ui                             : Running Changeset: db/changelog/db.changelog-1.0.sql::2::Evgenii
2024-11-15T19:54:33.297+03:00  INFO 2416 --- [main] liquibase.changelog                      : Custom SQL executed
2024-11-15T19:54:33.301+03:00  INFO 2416 --- [main] liquibase.changelog                      : ChangeSet db/changelog/db.changelog-1.0.sql::2::Evgenii ran successfully in 19ms
2024-11-15T19:54:33.309+03:00  INFO 2416 --- [main] liquibase.ui                             : Running Changeset: db/changelog/db.changelog-2.0.sql::1::Evgenii
2024-11-15T19:54:33.316+03:00  INFO 2416 --- [main] liquibase.changelog                      : Custom SQL executed
2024-11-15T19:54:33.319+03:00  INFO 2416 --- [main] liquibase.changelog                      : ChangeSet db/changelog/db.changelog-2.0.sql::1::Evgenii ran successfully in 9ms
2024-11-15T19:54:33.333+03:00  INFO 2416 --- [main] liquibase.util                           : UPDATE SUMMARY
2024-11-15T19:54:33.334+03:00  INFO 2416 --- [main] liquibase.util                           : Run:                          3
2024-11-15T19:54:33.334+03:00  INFO 2416 --- [main] liquibase.util                           : Previously run:               0
2024-11-15T19:54:33.334+03:00  INFO 2416 --- [main] liquibase.util                           : Filtered out:                 0
2024-11-15T19:54:33.334+03:00  INFO 2416 --- [main] liquibase.util                           : -------------------------------
2024-11-15T19:54:33.334+03:00  INFO 2416 --- [main] liquibase.util                           : Total change sets:            3
2024-11-15T19:54:33.335+03:00  INFO 2416 --- [main] liquibase.util                           : Update summary generated
2024-11-15T19:54:33.337+03:00  INFO 2416 --- [main] liquibase.command                        : Update command completed successfully.
2024-11-15T19:54:33.337+03:00  INFO 2416 --- [main] liquibase.ui                             : Liquibase: Update has been successful. Rows affected: 3
2024-11-15T19:54:33.350+03:00  INFO 2416 --- [main] liquibase.lockservice                    : Successfully released change log lock
2024-11-15T19:54:33.355+03:00  INFO 2416 --- [main] liquibase.command                        : Command execution complete
2024-11-15T19:54:33.724+03:00  INFO 2416 --- [main] o.hibernate.jpa.internal.util.LogHelper  : HHH000204: Processing PersistenceUnitInfo [name: default]
2024-11-15T19:54:33.819+03:00  INFO 2416 --- [main] org.hibernate.Version                    : HHH000412: Hibernate ORM core version 6.5.3.Final
2024-11-15T19:54:33.881+03:00  INFO 2416 --- [main] o.h.c.internal.RegionFactoryInitiator    : HHH000026: Second-level cache disabled
2024-11-15T19:54:34.366+03:00  INFO 2416 --- [main] o.s.o.j.p.SpringPersistenceUnitInfo      : No LoadTimeWeaver setup: ignoring JPA class transformer
2024-11-15T19:54:35.984+03:00  INFO 2416 --- [main] o.h.e.t.j.p.i.JtaPlatformInitiator       : HHH000489: No JTA platform available (set 'hibernate.transaction.jta.platform' to enable JTA platform integration)
2024-11-15T19:54:36.037+03:00  INFO 2416 --- [main] j.LocalContainerEntityManagerFactoryBean : Initialized JPA EntityManagerFactory for persistence unit 'default'
2024-11-15T19:54:36.801+03:00  INFO 2416 --- [main] o.s.d.j.r.query.QueryEnhancerFactory     : Hibernate is in classpath; If applicable, HQL parser will be used.
2024-11-15T19:54:38.778+03:00  WARN 2416 --- [main] .s.s.UserDetailsServiceAutoConfiguration : 

Using generated security password: ccf90d43-1928-4ba9-a400-7727cf96829a

This generated password is for development use only. Your security configuration must be updated before running your application in production.

2024-11-15T19:54:38.794+03:00  INFO 2416 --- [main] r$InitializeUserDetailsManagerConfigurer : Global AuthenticationManager configured with UserDetailsService bean with name inMemoryUserDetailsManager
2024-11-15T19:54:42.481+03:00  INFO 2416 --- [main] b.i.j.i.service.UserServiceTest          : Started UserServiceTest in 13.896 seconds (process running for 20.902)
2024-11-15T19:54:42.521+03:00  INFO 2416 --- [scheduling-1] b.i.jd2.aop.LoggingUserServiceAspect     : Before - invoked findByStatusWithoutCode() service method in class by.it_academy.jd2.service.UserService@6288199, with status WAITING_ACTIVATION
2024-11-15T19:54:42.825+03:00  INFO 2416 --- [scheduling-1] b.i.jd2.aop.LoggingUserServiceAspect     : AfterReturning - findByStatusWithoutCode() service method in class by.it_academy.jd2.service.UserService@6288199,  result []
2024-11-15T19:54:43.612+03:00  INFO 2416 --- [main] b.i.jd2.aop.LoggingUserServiceAspect     : invoked findAll() service method in class by.it_academy.jd2.service.UserService@6288199
2024-11-15T19:54:43.743+03:00  INFO 2416 --- [main] b.i.jd2.aop.LoggingUserServiceAspect     : Before - invoked findById() service method in class by.it_academy.jd2.service.UserService@6288199, with id 0ecf84a4-7c70-4b36-b3a0-f0280be8ed0c
2024-11-15T19:54:43.763+03:00  INFO 2416 --- [main] b.i.jd2.aop.LoggingUserServiceAspect     : After - invoked findById() service method in class by.it_academy.jd2.service.UserService@6288199, result Optional[UserReadDto(uuid=0ecf84a4-7c70-4b36-b3a0-f0280be8ed0c, dtCreate=2024-10-31T07:49:57.065Z, dtUpdate=2024-10-31T07:49:57.065Z, mail=user@example1233334.com, fio=Pert, role=USER, status=WAITING_ACTIVATION)]
2024-11-15T19:54:43.866+03:00  INFO 2416 --- [main] b.i.jd2.aop.LoggingUserServiceAspect     : Before - invoked findById() service method in class by.it_academy.jd2.service.UserService@6288199, with id 0ecf84a4-7c70-4b36-b3a0-f0280be8ed0c
2024-11-15T19:54:43.867+03:00  INFO 2416 --- [main] b.i.jd2.aop.LoggingUserServiceAspect     : After - invoked findById() service method in class by.it_academy.jd2.service.UserService@6288199, result Optional[UserReadDto(uuid=0ecf84a4-7c70-4b36-b3a0-f0280be8ed0c, dtCreate=2024-10-31T07:49:57.065Z, dtUpdate=2024-11-15T16:54:43.850132200Z, mail=user@example1233334.com, fio=update, role=ADMIN, status=ACTIVATED)]
2024-11-15T19:54:43.893+03:00  INFO 2416 --- [main] b.i.jd2.aop.LoggingUserServiceAspect     : Before - invoked findById() service method in class by.it_academy.jd2.service.UserService@6288199, with id 0ecf84a4-7c70-4b36-b3a0-f0280be8ed0c
2024-11-15T19:54:43.897+03:00  INFO 2416 --- [main] b.i.jd2.aop.LoggingUserServiceAspect     : After - invoked findById() service method in class by.it_academy.jd2.service.UserService@6288199, result Optional[UserReadDto(uuid=0ecf84a4-7c70-4b36-b3a0-f0280be8ed0c, dtCreate=2024-10-31T07:49:57.065Z, dtUpdate=2024-10-31T07:49:57.065Z, mail=user@example1233334.com, fio=Pert, role=USER, status=WAITING_ACTIVATION)]
2024-11-15T19:54:43.945+03:00  INFO 2416 --- [SpringApplicationShutdownHook] j.LocalContainerEntityManagerFactoryBean : Closing JPA EntityManagerFactory for persistence unit 'default'
2024-11-15T19:54:43.955+03:00  INFO 2416 --- [SpringApplicationShutdownHook] com.zaxxer.hikari.HikariDataSource       : HikariPool-1 - Shutdown initiated...
2024-11-15T19:54:43.966+03:00  INFO 2416 --- [SpringApplicationShutdownHook] com.zaxxer.hikari.HikariDataSource       : HikariPool-1 - Shutdown completed.
2024-11-15T20:19:27.816+03:00  INFO 4356 --- [main] b.i.j.i.service.UserServiceTest          : Starting UserServiceTest using Java 21.0.4 with PID 4356 (started by user in C:\Users\user\IdeaProjects\finance\user-service)
2024-11-15T20:19:27.832+03:00  INFO 4356 --- [main] b.i.j.i.service.UserServiceTest          : The following 1 profile is active: "test"
2024-11-15T20:19:29.161+03:00  INFO 4356 --- [main] .s.d.r.c.RepositoryConfigurationDelegate : Bootstrapping Spring Data JPA repositories in DEFAULT mode.
2024-11-15T20:19:29.302+03:00  INFO 4356 --- [main] .s.d.r.c.RepositoryConfigurationDelegate : Finished Spring Data repository scanning in 125 ms. Found 2 JPA repository interfaces.
2024-11-15T20:19:30.761+03:00  INFO 4356 --- [main] com.zaxxer.hikari.HikariDataSource       : HikariPool-1 - Starting...
2024-11-15T20:19:31.048+03:00  INFO 4356 --- [main] com.zaxxer.hikari.pool.HikariPool        : HikariPool-1 - Added connection org.postgresql.jdbc.PgConnection@bea5941
2024-11-15T20:19:31.051+03:00  INFO 4356 --- [main] com.zaxxer.hikari.HikariDataSource       : HikariPool-1 - Start completed.
2024-11-15T20:19:31.390+03:00  INFO 4356 --- [main] liquibase.database                       : Set default schema name to public
2024-11-15T20:19:31.883+03:00  INFO 4356 --- [main] liquibase.changelog                      : Creating database history table with name: public.databasechangelog
2024-11-15T20:19:31.939+03:00  INFO 4356 --- [main] liquibase.changelog                      : Reading from public.databasechangelog
2024-11-15T20:19:32.048+03:00  INFO 4356 --- [main] liquibase.lockservice                    : Successfully acquired change log lock
2024-11-15T20:19:32.048+03:00  INFO 4356 --- [main] liquibase.command                        : Using deploymentId: 1691172048
2024-11-15T20:19:32.054+03:00  INFO 4356 --- [main] liquibase.changelog                      : Reading from public.databasechangelog
2024-11-15T20:19:32.066+03:00  INFO 4356 --- [main] liquibase.ui                             : Running Changeset: db/changelog/db.changelog-1.0.sql::1::Evgenii
2024-11-15T20:19:32.103+03:00  INFO 4356 --- [main] liquibase.changelog                      : Custom SQL executed
2024-11-15T20:19:32.108+03:00  INFO 4356 --- [main] liquibase.changelog                      : ChangeSet db/changelog/db.changelog-1.0.sql::1::Evgenii ran successfully in 42ms
2024-11-15T20:19:32.127+03:00  INFO 4356 --- [main] liquibase.ui                             : Running Changeset: db/changelog/db.changelog-1.0.sql::2::Evgenii
2024-11-15T20:19:32.139+03:00  INFO 4356 --- [main] liquibase.changelog                      : Custom SQL executed
2024-11-15T20:19:32.141+03:00  INFO 4356 --- [main] liquibase.changelog                      : ChangeSet db/changelog/db.changelog-1.0.sql::2::Evgenii ran successfully in 13ms
2024-11-15T20:19:32.149+03:00  INFO 4356 --- [main] liquibase.ui                             : Running Changeset: db/changelog/db.changelog-2.0.sql::1::Evgenii
2024-11-15T20:19:32.156+03:00  INFO 4356 --- [main] liquibase.changelog                      : Custom SQL executed
2024-11-15T20:19:32.159+03:00  INFO 4356 --- [main] liquibase.changelog                      : ChangeSet db/changelog/db.changelog-2.0.sql::1::Evgenii ran successfully in 9ms
2024-11-15T20:19:32.165+03:00  INFO 4356 --- [main] liquibase.util                           : UPDATE SUMMARY
2024-11-15T20:19:32.165+03:00  INFO 4356 --- [main] liquibase.util                           : Run:                          3
2024-11-15T20:19:32.165+03:00  INFO 4356 --- [main] liquibase.util                           : Previously run:               0
2024-11-15T20:19:32.165+03:00  INFO 4356 --- [main] liquibase.util                           : Filtered out:                 0
2024-11-15T20:19:32.165+03:00  INFO 4356 --- [main] liquibase.util                           : -------------------------------
2024-11-15T20:19:32.165+03:00  INFO 4356 --- [main] liquibase.util                           : Total change sets:            3
2024-11-15T20:19:32.165+03:00  INFO 4356 --- [main] liquibase.util                           : Update summary generated
2024-11-15T20:19:32.165+03:00  INFO 4356 --- [main] liquibase.command                        : Update command completed successfully.
2024-11-15T20:19:32.165+03:00  INFO 4356 --- [main] liquibase.ui                             : Liquibase: Update has been successful. Rows affected: 3
2024-11-15T20:19:32.188+03:00  INFO 4356 --- [main] liquibase.lockservice                    : Successfully released change log lock
2024-11-15T20:19:32.190+03:00  INFO 4356 --- [main] liquibase.command                        : Command execution complete
2024-11-15T20:19:32.561+03:00  INFO 4356 --- [main] o.hibernate.jpa.internal.util.LogHelper  : HHH000204: Processing PersistenceUnitInfo [name: default]
2024-11-15T20:19:32.656+03:00  INFO 4356 --- [main] org.hibernate.Version                    : HHH000412: Hibernate ORM core version 6.5.3.Final
2024-11-15T20:19:32.733+03:00  INFO 4356 --- [main] o.h.c.internal.RegionFactoryInitiator    : HHH000026: Second-level cache disabled
2024-11-15T20:19:33.246+03:00  INFO 4356 --- [main] o.s.o.j.p.SpringPersistenceUnitInfo      : No LoadTimeWeaver setup: ignoring JPA class transformer
2024-11-15T20:19:34.712+03:00  INFO 4356 --- [main] o.h.e.t.j.p.i.JtaPlatformInitiator       : HHH000489: No JTA platform available (set 'hibernate.transaction.jta.platform' to enable JTA platform integration)
2024-11-15T20:19:34.770+03:00  INFO 4356 --- [main] j.LocalContainerEntityManagerFactoryBean : Initialized JPA EntityManagerFactory for persistence unit 'default'
2024-11-15T20:19:35.654+03:00  INFO 4356 --- [main] o.s.d.j.r.query.QueryEnhancerFactory     : Hibernate is in classpath; If applicable, HQL parser will be used.
2024-11-15T20:19:37.370+03:00  WARN 4356 --- [main] .s.s.UserDetailsServiceAutoConfiguration : 

Using generated security password: 2b8919cf-d8a2-4c37-a903-213a7c9f79fe

This generated password is for development use only. Your security configuration must be updated before running your application in production.

2024-11-15T20:19:37.388+03:00  INFO 4356 --- [main] r$InitializeUserDetailsManagerConfigurer : Global AuthenticationManager configured with UserDetailsService bean with name inMemoryUserDetailsManager
2024-11-15T20:19:41.428+03:00  INFO 4356 --- [main] b.i.j.i.service.UserServiceTest          : Started UserServiceTest in 14.082 seconds (process running for 20.499)
2024-11-15T20:19:41.501+03:00  INFO 4356 --- [scheduling-1] b.i.jd2.aop.LoggingUserServiceAspect     : Before - invoked findByStatusWithoutCode() service method in class by.it_academy.jd2.service.UserService@66c935db, with status WAITING_ACTIVATION
2024-11-15T20:19:41.675+03:00  INFO 4356 --- [scheduling-1] b.i.jd2.aop.LoggingUserServiceAspect     : AfterReturning - findByStatusWithoutCode() service method in class by.it_academy.jd2.service.UserService@66c935db,  result []
2024-11-15T20:19:42.310+03:00  INFO 4356 --- [main] b.i.jd2.aop.LoggingUserServiceAspect     : invoked findAll() service method in class by.it_academy.jd2.service.UserService@66c935db
2024-11-15T20:19:42.441+03:00  INFO 4356 --- [main] b.i.jd2.aop.LoggingUserServiceAspect     : Before - invoked findById() service method in class by.it_academy.jd2.service.UserService@66c935db, with id 0ecf84a4-7c70-4b36-b3a0-f0280be8ed0c
2024-11-15T20:19:42.455+03:00  INFO 4356 --- [main] b.i.jd2.aop.LoggingUserServiceAspect     : After - invoked findById() service method in class by.it_academy.jd2.service.UserService@66c935db, result Optional[UserReadDto(uuid=0ecf84a4-7c70-4b36-b3a0-f0280be8ed0c, dtCreate=2024-10-31T07:49:57.065Z, dtUpdate=2024-10-31T07:49:57.065Z, mail=user@example1233334.com, fio=Pert, role=USER, status=WAITING_ACTIVATION)]
2024-11-15T20:19:42.564+03:00  INFO 4356 --- [main] b.i.jd2.aop.LoggingUserServiceAspect     : Before - invoked findById() service method in class by.it_academy.jd2.service.UserService@66c935db, with id 0ecf84a4-7c70-4b36-b3a0-f0280be8ed0c
2024-11-15T20:19:42.565+03:00  INFO 4356 --- [main] b.i.jd2.aop.LoggingUserServiceAspect     : After - invoked findById() service method in class by.it_academy.jd2.service.UserService@66c935db, result Optional[UserReadDto(uuid=0ecf84a4-7c70-4b36-b3a0-f0280be8ed0c, dtCreate=2024-10-31T07:49:57.065Z, dtUpdate=2024-11-15T17:19:42.539721200Z, mail=user@example1233334.com, fio=update, role=ADMIN, status=ACTIVATED)]
2024-11-15T20:19:42.589+03:00  INFO 4356 --- [main] b.i.jd2.aop.LoggingUserServiceAspect     : Before - invoked findById() service method in class by.it_academy.jd2.service.UserService@66c935db, with id 0ecf84a4-7c70-4b36-b3a0-f0280be8ed0c
2024-11-15T20:19:42.594+03:00  INFO 4356 --- [main] b.i.jd2.aop.LoggingUserServiceAspect     : After - invoked findById() service method in class by.it_academy.jd2.service.UserService@66c935db, result Optional[UserReadDto(uuid=0ecf84a4-7c70-4b36-b3a0-f0280be8ed0c, dtCreate=2024-10-31T07:49:57.065Z, dtUpdate=2024-10-31T07:49:57.065Z, mail=user@example1233334.com, fio=Pert, role=USER, status=WAITING_ACTIVATION)]
2024-11-15T20:19:42.646+03:00  INFO 4356 --- [SpringApplicationShutdownHook] j.LocalContainerEntityManagerFactoryBean : Closing JPA EntityManagerFactory for persistence unit 'default'
2024-11-15T20:19:42.649+03:00  INFO 4356 --- [SpringApplicationShutdownHook] com.zaxxer.hikari.HikariDataSource       : HikariPool-1 - Shutdown initiated...
2024-11-15T20:19:42.657+03:00  INFO 4356 --- [SpringApplicationShutdownHook] com.zaxxer.hikari.HikariDataSource       : HikariPool-1 - Shutdown completed.
