2024-11-21T20:56:18.865+03:00  INFO 7428 --- [classifier-service] [main] b.i.j.i.service.CurrencyServiceTest      : Starting CurrencyServiceTest using Java 21.0.4 with PID 7428 (started by user in C:\Users\user\IdeaProjects\finance\classifier-service)
2024-11-21T20:56:18.880+03:00  INFO 7428 --- [classifier-service] [main] b.i.j.i.service.CurrencyServiceTest      : The following 1 profile is active: "test"
2024-11-21T20:56:20.463+03:00  INFO 7428 --- [classifier-service] [main] .s.d.r.c.RepositoryConfigurationDelegate : Bootstrapping Spring Data JPA repositories in DEFAULT mode.
2024-11-21T20:56:20.571+03:00  INFO 7428 --- [classifier-service] [main] .s.d.r.c.RepositoryConfigurationDelegate : Finished Spring Data repository scanning in 97 ms. Found 2 JPA repository interfaces.
2024-11-21T20:56:21.029+03:00  INFO 7428 --- [classifier-service] [main] o.s.cloud.context.scope.GenericScope     : BeanFactory id=54170750-71f7-3c19-ad6b-fab797c38296
2024-11-21T20:56:22.004+03:00  INFO 7428 --- [classifier-service] [main] com.zaxxer.hikari.HikariDataSource       : HikariPool-1 - Starting...
2024-11-21T20:56:22.301+03:00  INFO 7428 --- [classifier-service] [main] com.zaxxer.hikari.pool.HikariPool        : HikariPool-1 - Added connection org.postgresql.jdbc.PgConnection@43e7f104
2024-11-21T20:56:22.303+03:00  INFO 7428 --- [classifier-service] [main] com.zaxxer.hikari.HikariDataSource       : HikariPool-1 - Start completed.
2024-11-21T20:56:22.633+03:00  INFO 7428 --- [classifier-service] [main] liquibase.database                       : Set default schema name to public
2024-11-21T20:56:23.148+03:00  INFO 7428 --- [classifier-service] [main] liquibase.changelog                      : Creating database history table with name: public.databasechangelog
2024-11-21T20:56:23.202+03:00  INFO 7428 --- [classifier-service] [main] liquibase.changelog                      : Reading from public.databasechangelog
2024-11-21T20:56:23.308+03:00  INFO 7428 --- [classifier-service] [main] liquibase.lockservice                    : Successfully acquired change log lock
2024-11-21T20:56:23.311+03:00  INFO 7428 --- [classifier-service] [main] liquibase.command                        : Using deploymentId: 2211783311
2024-11-21T20:56:23.316+03:00  INFO 7428 --- [classifier-service] [main] liquibase.changelog                      : Reading from public.databasechangelog
2024-11-21T20:56:23.328+03:00  INFO 7428 --- [classifier-service] [main] liquibase.ui                             : Running Changeset: db/changelog/db.changelog-1.0.sql::1::Evgenii
2024-11-21T20:56:23.371+03:00  INFO 7428 --- [classifier-service] [main] liquibase.changelog                      : Custom SQL executed
2024-11-21T20:56:23.376+03:00  INFO 7428 --- [classifier-service] [main] liquibase.changelog                      : ChangeSet db/changelog/db.changelog-1.0.sql::1::Evgenii ran successfully in 47ms
2024-11-21T20:56:23.398+03:00  INFO 7428 --- [classifier-service] [main] liquibase.ui                             : Running Changeset: db/changelog/db.changelog-1.0.sql::2::Evgenii
2024-11-21T20:56:23.410+03:00  INFO 7428 --- [classifier-service] [main] liquibase.changelog                      : Custom SQL executed
2024-11-21T20:56:23.412+03:00  INFO 7428 --- [classifier-service] [main] liquibase.changelog                      : ChangeSet db/changelog/db.changelog-1.0.sql::2::Evgenii ran successfully in 13ms
2024-11-21T20:56:23.431+03:00  INFO 7428 --- [classifier-service] [main] liquibase.util                           : UPDATE SUMMARY
2024-11-21T20:56:23.432+03:00  INFO 7428 --- [classifier-service] [main] liquibase.util                           : Run:                          2
2024-11-21T20:56:23.432+03:00  INFO 7428 --- [classifier-service] [main] liquibase.util                           : Previously run:               0
2024-11-21T20:56:23.432+03:00  INFO 7428 --- [classifier-service] [main] liquibase.util                           : Filtered out:                 0
2024-11-21T20:56:23.432+03:00  INFO 7428 --- [classifier-service] [main] liquibase.util                           : -------------------------------
2024-11-21T20:56:23.432+03:00  INFO 7428 --- [classifier-service] [main] liquibase.util                           : Total change sets:            2
2024-11-21T20:56:23.434+03:00  INFO 7428 --- [classifier-service] [main] liquibase.util                           : Update summary generated
2024-11-21T20:56:23.437+03:00  INFO 7428 --- [classifier-service] [main] liquibase.command                        : Update command completed successfully.
2024-11-21T20:56:23.438+03:00  INFO 7428 --- [classifier-service] [main] liquibase.ui                             : Liquibase: Update has been successful. Rows affected: 2
2024-11-21T20:56:23.447+03:00  INFO 7428 --- [classifier-service] [main] liquibase.lockservice                    : Successfully released change log lock
2024-11-21T20:56:23.451+03:00  INFO 7428 --- [classifier-service] [main] liquibase.command                        : Command execution complete
2024-11-21T20:56:23.809+03:00  INFO 7428 --- [classifier-service] [main] o.hibernate.jpa.internal.util.LogHelper  : HHH000204: Processing PersistenceUnitInfo [name: default]
2024-11-21T20:56:23.978+03:00  INFO 7428 --- [classifier-service] [main] org.hibernate.Version                    : HHH000412: Hibernate ORM core version 6.5.3.Final
2024-11-21T20:56:24.048+03:00  INFO 7428 --- [classifier-service] [main] o.h.c.internal.RegionFactoryInitiator    : HHH000026: Second-level cache disabled
2024-11-21T20:56:24.264+03:00  INFO 7428 --- [classifier-service] [main] o.h.e.boot.internal.EnversServiceImpl    : Envers integration enabled? : true
2024-11-21T20:56:24.563+03:00  INFO 7428 --- [classifier-service] [main] o.s.o.j.p.SpringPersistenceUnitInfo      : No LoadTimeWeaver setup: ignoring JPA class transformer
2024-11-21T20:56:26.055+03:00  INFO 7428 --- [classifier-service] [main] o.h.e.t.j.p.i.JtaPlatformInitiator       : HHH000489: No JTA platform available (set 'hibernate.transaction.jta.platform' to enable JTA platform integration)
2024-11-21T20:56:26.132+03:00  INFO 7428 --- [classifier-service] [main] j.LocalContainerEntityManagerFactoryBean : Initialized JPA EntityManagerFactory for persistence unit 'default'
2024-11-21T20:56:28.433+03:00  WARN 7428 --- [classifier-service] [main] .s.s.UserDetailsServiceAutoConfiguration : 

Using generated security password: ba13584d-7f3f-40f5-99df-14f6480c3d03

This generated password is for development use only. Your security configuration must be updated before running your application in production.

2024-11-21T20:56:28.459+03:00  INFO 7428 --- [classifier-service] [main] r$InitializeUserDetailsManagerConfigurer : Global AuthenticationManager configured with UserDetailsService bean with name inMemoryUserDetailsManager
2024-11-21T20:56:30.301+03:00  INFO 7428 --- [classifier-service] [main] b.i.j.i.service.CurrencyServiceTest      : Started CurrencyServiceTest in 12.002 seconds (process running for 18.399)
2024-11-21T20:56:30.952+03:00  INFO 7428 --- [classifier-service] [main] b.i.jd2.aop.LoggingServiceAspect         : Before - invoked save Service Method in class by.it_academy.jd2.service.CurrencyService@6b06da60, with dto CurrencyCreateDto(title=BYN, description=белорусский рубль)
2024-11-21T20:56:31.019+03:00  INFO 7428 --- [classifier-service] [main] b.i.jd2.aop.LoggingServiceAspect         : Before - invoked findByTitle Service Method in class by.it_academy.jd2.service.CurrencyService@6b06da60, with title BYN
2024-11-21T20:56:31.189+03:00  INFO 7428 --- [classifier-service] [main] b.i.jd2.aop.LoggingServiceAspect         : After - invoked findByTitle Service Method in class by.it_academy.jd2.service.CurrencyService@6b06da60, result Optional.empty
2024-11-21T20:56:31.318+03:00 ERROR 7428 --- [classifier-service] [main] b.i.jd2.aop.LoggingServiceAspect         : After - invoked save Service Method in class by.it_academy.jd2.service.CurrencyService@6b06da60, exception class java.lang.NullPointerException: Cannot invoke "org.springframework.security.core.Authentication.getPrincipal()" because the return value of "org.springframework.security.core.context.SecurityContext.getAuthentication()" is null 
2024-11-21T20:56:31.368+03:00  INFO 7428 --- [classifier-service] [main] b.i.jd2.aop.LoggingServiceAspect         : invoked findAll Service Method in class by.it_academy.jd2.service.CurrencyService@6b06da60
2024-11-21T20:56:31.651+03:00  INFO 7428 --- [classifier-service] [main] b.i.jd2.aop.LoggingServiceAspect         : Before - invoked findById Service Method in class by.it_academy.jd2.service.CurrencyService@6b06da60, with id 7eeebe68-ab98-4c71-af8e-6a2d5e0acc42
2024-11-21T20:56:31.672+03:00  INFO 7428 --- [classifier-service] [main] b.i.jd2.aop.LoggingServiceAspect         : After - invoked findById Service Method in class by.it_academy.jd2.service.CurrencyService@6b06da60, result Optional[CurrencyReadDto(id=7eeebe68-ab98-4c71-af8e-6a2d5e0acc42, dtCreate=2024-11-01T09:30:12.415Z, dtUpdate=2024-11-01T09:30:12.415Z, title=USD, description=Доллар США)]
2024-11-21T20:56:31.710+03:00  INFO 7428 --- [classifier-service] [main] b.i.jd2.aop.LoggingServiceAspect         : Before - invoked findByTitle Service Method in class by.it_academy.jd2.service.CurrencyService@6b06da60, with title USD
2024-11-21T20:56:31.718+03:00  INFO 7428 --- [classifier-service] [main] b.i.jd2.aop.LoggingServiceAspect         : After - invoked findByTitle Service Method in class by.it_academy.jd2.service.CurrencyService@6b06da60, result Optional[CurrencyReadDto(id=7eeebe68-ab98-4c71-af8e-6a2d5e0acc42, dtCreate=2024-11-01T09:30:12.415Z, dtUpdate=2024-11-01T09:30:12.415Z, title=USD, description=Доллар США)]
2024-11-21T20:56:31.749+03:00  INFO 7428 --- [classifier-service] [SpringApplicationShutdownHook] j.LocalContainerEntityManagerFactoryBean : Closing JPA EntityManagerFactory for persistence unit 'default'
2024-11-21T20:56:31.755+03:00  INFO 7428 --- [classifier-service] [SpringApplicationShutdownHook] com.zaxxer.hikari.HikariDataSource       : HikariPool-1 - Shutdown initiated...
2024-11-21T20:56:31.768+03:00  INFO 7428 --- [classifier-service] [SpringApplicationShutdownHook] com.zaxxer.hikari.HikariDataSource       : HikariPool-1 - Shutdown completed.
